TN:
SF:/home/rooted/Projects/C++/lab-01-parser/include/Json.h
FN:8,_ZN4JsonC2ERKS_
FN:8,_ZN4JsonD2Ev
FNDA:0,_ZN4JsonC2ERKS_
FNDA:0,_ZN4JsonD2Ev
FNF:2
FNH:0
DA:8,0
LF:1
LH:0
end_of_record
TN:
SF:/home/rooted/Projects/C++/lab-01-parser/tests/test.cpp
FN:7,_ZN22Example_EmptyTest_TestC2Ev
FN:7,_ZN22Example_EmptyTest_TestD2Ev
FN:7,_ZN22Example_EmptyTest_Test8TestBodyEv
FN:7,_ZN22Example_EmptyTest_TestD0Ev
FN:34,_Z41__static_initialization_and_destruction_0ii
FN:34,_GLOBAL__sub_I__ZN22Example_EmptyTest_Test10test_info_E
FNDA:0,_ZN22Example_EmptyTest_TestD0Ev
FNDA:0,_GLOBAL__sub_I__ZN22Example_EmptyTest_Test10test_info_E
FNDA:0,_ZN22Example_EmptyTest_Test8TestBodyEv
FNDA:0,_ZN22Example_EmptyTest_TestD2Ev
FNDA:0,_Z41__static_initialization_and_destruction_0ii
FNDA:0,_ZN22Example_EmptyTest_TestC2Ev
FNF:6
FNH:0
DA:7,0
DA:20,0
DA:22,0
DA:23,0
DA:24,0
DA:25,0
DA:27,0
DA:28,0
DA:29,0
DA:31,0
DA:32,0
DA:33,0
DA:34,0
LF:13
LH:0
end_of_record
