        -:    0:Source:/home/rooted/Projects/C++/lab-01-parser/include/Json.h
        -:    0:Graph:/home/rooted/Projects/C++/lab-01-parser/_builds/CMakeFiles/template.dir/sources/source.cpp.gcno
        -:    0:Data:-
        -:    0:Runs:0
        -:    0:Programs:0
        -:    1://
        -:    2:// Created by rooted on 11.11.2019.
        -:    3://
        -:    4:
        -:    5:#ifndef TEMPLATE_JSON_H
        -:    6:#define TEMPLATE_JSON_H
        -:    7:
    #####:    8:class Json {
        -:    9:public:
        -:   10:    // Конструктор из строки, содержащей Json-данные.
        -:   11:    explicit Json(const std::string& s);
        -:   12:
        -:   13:    // Метод возвращает true, если данный экземпляр содержит в себе JSON-массив.
        -:   14:    // Иначе false.
        -:   15:    [[nodiscard]] bool is_array() const;
        -:   16:    // Метод возвращает true, если данный экземпляр содержит в себе JSON-объект.
        -:   17:    // Иначе false.
        -:   18:    [[nodiscard]] bool is_object() const;
        -:   19:
        -:   20:    // Метод возвращает значение по ключу key, если экземпляр является
        -:   21:    // JSON-объектом. Значение может иметь один из следующих типов: Json,
        -:   22:    // std::string, double, bool или быть пустым. Если экземпляр является
        -:   23:    // JSON-массивом, генерируется исключение.
        -:   24:    std::any& operator[](const std::string& key);
        -:   25:
        -:   26:    // Метод возвращает значение по индексу index, если экземпляр является
        -:   27:    // JSON-массивом. Значение может иметь один из следующих типов: Json,
        -:   28:    // std::string, double, bool или быть пустым. Если экземпляр является
        -:   29:    // JSON-объектом, генерируется исключение.
        -:   30:    std::any& operator[](int index);
        -:   31:
        -:   32:    // Метод возвращает объект класса Json из строки, содержащей Json-данные.
        -:   33:    static Json parse(const std::string& s);
        -:   34:
        -:   35:    // Метод возвращает объекта класса Json из файла, содержащего Json-данные в
        -:   36:    // текстовом формате.
        -:   37:    static Json parseFile(const std::string& path_to_file);
        -:   38:
        -:   39:private:
        -:   40:    holderMap holder;
        -:   41:    void addToHolder(const std::string& s);
        -:   42:    void addArrayToHolder(const std::string& s, const int& a);
        -:   43:    bool isArray;
        -:   44:
        -:   45:};
        -:   46:#endif //TEMPLATE_JSON_H
