        -:    0:Source:/home/rooted/Projects/C++/lab-01-parser/tests/test.cpp
        -:    0:Graph:/home/rooted/Projects/C++/lab-01-parser/_builds/CMakeFiles/tests.dir/tests/test.cpp.gcno
        -:    0:Data:/home/rooted/Projects/C++/lab-01-parser/_builds/CMakeFiles/tests.dir/tests/test.cpp.gcda
        -:    0:Runs:1
        -:    0:Programs:1
        -:    1:// Copyright 2018 Your Name <your_email>
        -:    2:
        -:    3:#include <gtest/gtest.h>
        -:    4:
        5:    5:TEST(Example, EmptyTest) {
        1:    6:    EXPECT_TRUE(true);
        4:    7:}
